<?xml version="1.0" encoding="UTF-8"?>
<coverage generated="1739127602949" clover="3.2.0">
  <project timestamp="1739127602949" name="All files">
    <metrics statements="24" coveredstatements="23" conditionals="8" coveredconditionals="7" methods="9" coveredmethods="9" elements="41" coveredelements="39" complexity="0" loc="24" ncloc="24" packages="1" files="3" classes="3"/>
    <file name="ErrorBoundary.tsx" path="C:\progRSschool2\rs-react-app-import3\src\components\ErrorBoundary.tsx">
      <metrics statements="7" coveredstatements="7" conditionals="2" coveredconditionals="2" methods="3" coveredmethods="3"/>
      <line num="12" count="3" type="stmt"/>
      <line num="17" count="4" type="stmt"/>
      <line num="18" count="4" type="stmt"/>
      <line num="22" count="2" type="stmt"/>
      <line num="26" count="7" type="cond" truecount="2" falsecount="0"/>
      <line num="27" count="4" type="stmt"/>
      <line num="30" count="3" type="stmt"/>
    </file>
    <file name="ErrorButton.tsx" path="C:\progRSschool2\rs-react-app-import3\src\components\ErrorButton.tsx">
      <metrics statements="7" coveredstatements="7" conditionals="2" coveredconditionals="2" methods="3" coveredmethods="3"/>
      <line num="9" count="1" type="stmt"/>
      <line num="10" count="1" type="stmt"/>
      <line num="13" count="1" type="stmt"/>
      <line num="14" count="1" type="stmt"/>
      <line num="18" count="5" type="cond" truecount="2" falsecount="0"/>
      <line num="19" count="4" type="stmt"/>
      <line num="22" count="1" type="stmt"/>
    </file>
    <file name="Search.tsx" path="C:\progRSschool2\rs-react-app-import3\src\components\Search.tsx">
      <metrics statements="10" coveredstatements="9" conditionals="4" coveredconditionals="3" methods="3" coveredmethods="3"/>
      <line num="6" count="3" type="stmt"/>
      <line num="10" count="3" type="stmt"/>
      <line num="11" count="30" type="stmt"/>
      <line num="14" count="3" type="stmt"/>
      <line num="15" count="2" type="stmt"/>
      <line num="17" count="2" type="cond" truecount="1" falsecount="1"/>
      <line num="18" count="0" type="stmt"/>
      <line num="20" count="2" type="stmt"/>
      <line num="21" count="2" type="stmt"/>
      <line num="26" count="33" type="stmt"/>
    </file>
  </project>
</coverage>
