TN:
SF:src\components\ErrorBoundary.tsx
FN:16,(anonymous_0)
FN:21,(anonymous_1)
FN:25,(anonymous_2)
FNF:3
FNH:3
FNDA:4,(anonymous_0)
FNDA:2,(anonymous_1)
FNDA:7,(anonymous_2)
DA:12,3
DA:17,4
DA:18,4
DA:22,2
DA:26,7
DA:27,4
DA:30,3
LF:7
LH:7
BRDA:26,0,0,4
BRDA:26,0,1,3
BRF:2
BRH:2
end_of_record
TN:
SF:src\components\ErrorButton.tsx
FN:8,(anonymous_0)
FN:13,(anonymous_1)
FN:17,(anonymous_2)
FNF:3
FNH:3
FNDA:1,(anonymous_0)
FNDA:1,(anonymous_1)
FNDA:5,(anonymous_2)
DA:9,1
DA:10,1
DA:13,1
DA:14,1
DA:18,5
DA:19,4
DA:22,1
LF:7
LH:7
BRDA:18,0,0,4
BRDA:18,0,1,1
BRF:2
BRH:2
end_of_record
TN:
SF:src\components\Search.tsx
FN:10,(anonymous_0)
FN:14,(anonymous_1)
FN:25,(anonymous_2)
FNF:3
FNH:3
FNDA:30,(anonymous_0)
FNDA:2,(anonymous_1)
FNDA:33,(anonymous_2)
DA:6,3
DA:10,3
DA:11,30
DA:14,3
DA:15,2
DA:17,2
DA:18,0
DA:20,2
DA:21,2
DA:26,33
LF:10
LH:9
BRDA:7,0,0,3
BRDA:7,0,1,3
BRDA:17,1,0,0
BRDA:17,1,1,2
BRF:4
BRH:3
end_of_record
